<?xml version="1.0" encoding="UTF-8"?>
<testsuite name="SimpleSearchEngineTest" tests="1" skipped="0" failures="0" errors="0" timestamp="2024-04-06T12:38:10" hostname="Quocs-MBP16.local" time="0.066">
  <properties/>
  <testcase name="start" classname="SimpleSearchEngineTest" time="0.066"/>
  <system-out><![CDATA[?[1;31m
Start test 1?[0m
Enter the number of people:
> 1
Enter all people:
> John

Enter the number of search queries:
> 1

Enter data to search people:
> this text will definitely be no match
No matching people found.
?[1;31m
Start test 2?[0m
Enter the number of people:
> 3
Enter all people:
> john smith smith@gmail.com
> John lock john_lock@somecompany.com
> help me iamaprogrammer@gmail.com

Enter the number of search queries:
> 4

Enter data to search people:
> john
Found people:
john smith smith@gmail.com
John lock john_lock@somecompany.com

Enter data to search people:
> Somecompany
Found people:
John lock john_lock@somecompany.com

Enter data to search people:
> @
Found people:
john smith smith@gmail.com
John lock john_lock@somecompany.com
help me iamaprogrammer@gmail.com

Enter data to search people:
> this text will definitely be no match
No matching people found.
]]></system-out>
  <system-err><![CDATA[]]></system-err>
</testsuite>
